2023-07-29 18:36:26.957  INFO 14320 --- [main] com.ead.course.CourseApplication         : Starting CourseApplication using Java 17.0.7 on rfranca-note with PID 14320 (D:\github\Decoder-Project\course\target\classes started by rfranca in D:\github\Decoder-Project\authuser)
2023-07-29 18:36:26.959  INFO 14320 --- [main] com.ead.course.CourseApplication         : No active profile set, falling back to default profiles: default
2023-07-29 18:36:28.121  INFO 14320 --- [main] .s.d.r.c.RepositoryConfigurationDelegate : Bootstrapping Spring Data JPA repositories in DEFAULT mode.
2023-07-29 18:36:28.240  INFO 14320 --- [main] .s.d.r.c.RepositoryConfigurationDelegate : Finished Spring Data repository scanning in 108 ms. Found 3 JPA repository interfaces.
2023-07-29 18:36:28.917  INFO 14320 --- [main] o.s.b.w.embedded.tomcat.TomcatWebServer  : Tomcat initialized with port(s): 8082 (http)
2023-07-29 18:36:28.929  INFO 14320 --- [main] o.apache.catalina.core.StandardService   : Starting service [Tomcat]
2023-07-29 18:36:28.930  INFO 14320 --- [main] org.apache.catalina.core.StandardEngine  : Starting Servlet engine: [Apache Tomcat/9.0.52]
2023-07-29 18:36:29.048  INFO 14320 --- [main] o.a.c.c.C.[Tomcat].[localhost].[/]       : Initializing Spring embedded WebApplicationContext
2023-07-29 18:36:29.049  INFO 14320 --- [main] w.s.c.ServletWebServerApplicationContext : Root WebApplicationContext: initialization completed in 2012 ms
2023-07-29 18:36:29.272  INFO 14320 --- [main] o.hibernate.jpa.internal.util.LogHelper  : HHH000204: Processing PersistenceUnitInfo [name: default]
2023-07-29 18:36:29.352  INFO 14320 --- [main] org.hibernate.Version                    : HHH000412: Hibernate ORM core version 5.4.32.Final
2023-07-29 18:36:29.528  INFO 14320 --- [main] o.hibernate.annotations.common.Version   : HCANN000001: Hibernate Commons Annotations {5.1.2.Final}
2023-07-29 18:36:29.672  INFO 14320 --- [main] com.zaxxer.hikari.HikariDataSource       : HikariPool-1 - Starting...
2023-07-29 18:36:29.883  INFO 14320 --- [main] com.zaxxer.hikari.HikariDataSource       : HikariPool-1 - Start completed.
2023-07-29 18:36:29.921  INFO 14320 --- [main] org.hibernate.dialect.Dialect            : HHH000400: Using dialect: org.hibernate.dialect.PostgreSQL10Dialect
2023-07-29 18:36:31.213  INFO 14320 --- [main] o.h.e.t.j.p.i.JtaPlatformInitiator       : HHH000490: Using JtaPlatform implementation: [org.hibernate.engine.transaction.jta.platform.internal.NoJtaPlatform]
2023-07-29 18:36:31.225  INFO 14320 --- [main] j.LocalContainerEntityManagerFactoryBean : Initialized JPA EntityManagerFactory for persistence unit 'default'
2023-07-29 18:36:31.954  WARN 14320 --- [main] JpaBaseConfiguration$JpaWebConfiguration : spring.jpa.open-in-view is enabled by default. Therefore, database queries may be performed during view rendering. Explicitly configure spring.jpa.open-in-view to disable this warning
2023-07-29 18:36:32.444  INFO 14320 --- [main] o.s.b.w.embedded.tomcat.TomcatWebServer  : Tomcat started on port(s): 8082 (http) with context path ''
2023-07-29 18:36:32.457  INFO 14320 --- [main] com.ead.course.CourseApplication         : Started CourseApplication in 6.607 seconds (JVM running for 7.925)
2023-07-29 18:37:11.971  INFO 14320 --- [SpringApplicationShutdownHook] j.LocalContainerEntityManagerFactoryBean : Closing JPA EntityManagerFactory for persistence unit 'default'
2023-07-29 18:37:11.973  INFO 14320 --- [SpringApplicationShutdownHook] com.zaxxer.hikari.HikariDataSource       : HikariPool-1 - Shutdown initiated...
2023-07-29 18:37:11.984  INFO 14320 --- [SpringApplicationShutdownHook] com.zaxxer.hikari.HikariDataSource       : HikariPool-1 - Shutdown completed.
2023-07-29 18:37:17.609  INFO 13180 --- [main] com.ead.course.CourseApplication         : Starting CourseApplication using Java 17.0.7 on rfranca-note with PID 13180 (D:\github\Decoder-Project\course\target\classes started by rfranca in D:\github\Decoder-Project\authuser)
2023-07-29 18:37:17.611  INFO 13180 --- [main] com.ead.course.CourseApplication         : No active profile set, falling back to default profiles: default
2023-07-29 18:37:18.920  INFO 13180 --- [main] .s.d.r.c.RepositoryConfigurationDelegate : Bootstrapping Spring Data JPA repositories in DEFAULT mode.
2023-07-29 18:37:19.099  INFO 13180 --- [main] .s.d.r.c.RepositoryConfigurationDelegate : Finished Spring Data repository scanning in 164 ms. Found 3 JPA repository interfaces.
2023-07-29 18:37:19.957  INFO 13180 --- [main] o.s.b.w.embedded.tomcat.TomcatWebServer  : Tomcat initialized with port(s): 8082 (http)
2023-07-29 18:37:19.968  INFO 13180 --- [main] o.apache.catalina.core.StandardService   : Starting service [Tomcat]
2023-07-29 18:37:19.969  INFO 13180 --- [main] org.apache.catalina.core.StandardEngine  : Starting Servlet engine: [Apache Tomcat/9.0.52]
2023-07-29 18:37:20.118  INFO 13180 --- [main] o.a.c.c.C.[Tomcat].[localhost].[/]       : Initializing Spring embedded WebApplicationContext
2023-07-29 18:37:20.118  INFO 13180 --- [main] w.s.c.ServletWebServerApplicationContext : Root WebApplicationContext: initialization completed in 2377 ms
2023-07-29 18:37:20.322  INFO 13180 --- [main] o.hibernate.jpa.internal.util.LogHelper  : HHH000204: Processing PersistenceUnitInfo [name: default]
2023-07-29 18:37:20.391  INFO 13180 --- [main] org.hibernate.Version                    : HHH000412: Hibernate ORM core version 5.4.32.Final
2023-07-29 18:37:20.558  INFO 13180 --- [main] o.hibernate.annotations.common.Version   : HCANN000001: Hibernate Commons Annotations {5.1.2.Final}
2023-07-29 18:37:20.697  INFO 13180 --- [main] com.zaxxer.hikari.HikariDataSource       : HikariPool-1 - Starting...
2023-07-29 18:37:20.896  INFO 13180 --- [main] com.zaxxer.hikari.HikariDataSource       : HikariPool-1 - Start completed.
2023-07-29 18:37:20.936  INFO 13180 --- [main] org.hibernate.dialect.Dialect            : HHH000400: Using dialect: org.hibernate.dialect.PostgreSQL10Dialect
2023-07-29 18:37:22.257  INFO 13180 --- [main] o.h.e.t.j.p.i.JtaPlatformInitiator       : HHH000490: Using JtaPlatform implementation: [org.hibernate.engine.transaction.jta.platform.internal.NoJtaPlatform]
2023-07-29 18:37:22.269  INFO 13180 --- [main] j.LocalContainerEntityManagerFactoryBean : Initialized JPA EntityManagerFactory for persistence unit 'default'
2023-07-29 18:37:23.014  WARN 13180 --- [main] JpaBaseConfiguration$JpaWebConfiguration : spring.jpa.open-in-view is enabled by default. Therefore, database queries may be performed during view rendering. Explicitly configure spring.jpa.open-in-view to disable this warning
2023-07-29 18:37:23.515  INFO 13180 --- [main] o.s.b.w.embedded.tomcat.TomcatWebServer  : Tomcat started on port(s): 8082 (http) with context path ''
2023-07-29 18:37:23.526  INFO 13180 --- [main] com.ead.course.CourseApplication         : Started CourseApplication in 6.871 seconds (JVM running for 8.308)
